[9.610s] DEBUG:colcon:Command line arguments: ['/usr/bin/colcon', 'build', '--packages-select', 'stepper_motor']
[9.610s] DEBUG:colcon:Parsed command line arguments: Namespace(log_base=None, log_level=None, verb_name='build', build_base='build', install_base='install', merge_install=False, symlink_install=False, test_result_base=None, continue_on_error=False, executor='parallel', parallel_workers=4, event_handlers=None, ignore_user_meta=False, metas=['./colcon.meta'], base_paths=['.'], packages_ignore=None, packages_ignore_regex=None, paths=None, packages_up_to=None, packages_up_to_regex=None, packages_above=None, packages_above_and_dependencies=None, packages_above_depth=None, packages_select_by_dep=None, packages_skip_by_dep=None, packages_skip_up_to=None, packages_select_build_failed=False, packages_skip_build_finished=False, packages_select_test_failures=False, packages_skip_test_passed=False, packages_select=['stepper_motor'], packages_skip=None, packages_select_regex=None, packages_skip_regex=None, packages_start=None, packages_end=None, allow_overriding=[], cmake_args=None, cmake_target=None, cmake_target_skip_unavailable=False, cmake_clean_cache=False, cmake_clean_first=False, cmake_force_configure=False, ament_cmake_args=None, catkin_cmake_args=None, catkin_skip_building_tests=False, verb_parser=<colcon_defaults.argument_parser.defaults.DefaultArgumentsDecorator object at 0xffffaa53ce80>, verb_extension=<colcon_core.verb.build.BuildVerb object at 0xffffaa886d40>, main=<bound method BuildVerb.main of <colcon_core.verb.build.BuildVerb object at 0xffffaa886d40>>)
[10.059s] Level 1:colcon.colcon_core.package_discovery:discover_packages(colcon_meta) check parameters
[10.060s] Level 1:colcon.colcon_core.package_discovery:discover_packages(recursive) check parameters
[10.060s] Level 1:colcon.colcon_core.package_discovery:discover_packages(ignore) check parameters
[10.060s] Level 1:colcon.colcon_core.package_discovery:discover_packages(path) check parameters
[10.061s] Level 1:colcon.colcon_core.package_discovery:discover_packages(colcon_meta) discover
[10.061s] Level 1:colcon.colcon_core.package_discovery:discover_packages(recursive) discover
[10.061s] INFO:colcon.colcon_core.package_discovery:Crawling recursively for packages in '/home/ubuntu/ros2_ws/src/stepper_motor'
[10.062s] Level 1:colcon.colcon_core.package_identification:_identify(.) by extensions ['ignore', 'ignore_ament_install']
[10.063s] Level 1:colcon.colcon_core.package_identification:_identify(.) by extension 'ignore'
[10.064s] Level 1:colcon.colcon_core.package_identification:_identify(.) by extension 'ignore_ament_install'
[10.064s] Level 1:colcon.colcon_core.package_identification:_identify(.) by extensions ['colcon_pkg']
[10.065s] Level 1:colcon.colcon_core.package_identification:_identify(.) by extension 'colcon_pkg'
[10.065s] Level 1:colcon.colcon_core.package_identification:_identify(.) by extensions ['colcon_meta']
[10.065s] Level 1:colcon.colcon_core.package_identification:_identify(.) by extension 'colcon_meta'
[10.066s] Level 1:colcon.colcon_core.package_identification:_identify(.) by extensions ['ros']
[10.066s] Level 1:colcon.colcon_core.package_identification:_identify(.) by extension 'ros'
[10.195s] DEBUG:colcon.colcon_core.package_identification:Package '.' with type 'ros.ament_python' and name 'stepper_motor'
[10.195s] Level 1:colcon.colcon_core.package_discovery:discover_packages(recursive) using defaults
[10.196s] Level 1:colcon.colcon_core.package_discovery:discover_packages(ignore) discover
[10.196s] Level 1:colcon.colcon_core.package_discovery:discover_packages(ignore) using defaults
[10.196s] Level 1:colcon.colcon_core.package_discovery:discover_packages(path) discover
[10.197s] Level 1:colcon.colcon_core.package_discovery:discover_packages(path) using defaults
[11.047s] Level 1:colcon.colcon_core.package_discovery:discover_packages(prefix_path) check parameters
[11.048s] Level 1:colcon.colcon_core.package_discovery:discover_packages(prefix_path) discover
[11.333s] DEBUG:colcon.colcon_installed_package_information.package_discovery:Found 3 installed packages in /home/ubuntu/ros2_ws/install
[11.481s] DEBUG:colcon.colcon_installed_package_information.package_discovery:Found 194 installed packages in /opt/ros/iron
[11.492s] Level 1:colcon.colcon_core.package_discovery:discover_packages(prefix_path) using defaults
[12.143s] Level 5:colcon.colcon_core.verb:set package 'stepper_motor' build argument 'cmake_args' from command line to 'None'
[12.143s] Level 5:colcon.colcon_core.verb:set package 'stepper_motor' build argument 'cmake_target' from command line to 'None'
[12.144s] Level 5:colcon.colcon_core.verb:set package 'stepper_motor' build argument 'cmake_target_skip_unavailable' from command line to 'False'
[12.144s] Level 5:colcon.colcon_core.verb:set package 'stepper_motor' build argument 'cmake_clean_cache' from command line to 'False'
[12.144s] Level 5:colcon.colcon_core.verb:set package 'stepper_motor' build argument 'cmake_clean_first' from command line to 'False'
[12.144s] Level 5:colcon.colcon_core.verb:set package 'stepper_motor' build argument 'cmake_force_configure' from command line to 'False'
[12.145s] Level 5:colcon.colcon_core.verb:set package 'stepper_motor' build argument 'ament_cmake_args' from command line to 'None'
[12.145s] Level 5:colcon.colcon_core.verb:set package 'stepper_motor' build argument 'catkin_cmake_args' from command line to 'None'
[12.145s] Level 5:colcon.colcon_core.verb:set package 'stepper_motor' build argument 'catkin_skip_building_tests' from command line to 'False'
[12.145s] DEBUG:colcon.colcon_core.verb:Building package 'stepper_motor' with the following arguments: {'ament_cmake_args': None, 'build_base': '/home/ubuntu/ros2_ws/src/stepper_motor/build/stepper_motor', 'catkin_cmake_args': None, 'catkin_skip_building_tests': False, 'cmake_args': None, 'cmake_clean_cache': False, 'cmake_clean_first': False, 'cmake_force_configure': False, 'cmake_target': None, 'cmake_target_skip_unavailable': False, 'install_base': '/home/ubuntu/ros2_ws/src/stepper_motor/install/stepper_motor', 'merge_install': False, 'path': '/home/ubuntu/ros2_ws/src/stepper_motor', 'symlink_install': False, 'test_result_base': None}
[12.280s] INFO:colcon.colcon_core.executor:Executing jobs using 'parallel' executor
[12.419s] DEBUG:colcon.colcon_parallel_executor.executor.parallel:run_until_complete
[12.421s] INFO:colcon.colcon_ros.task.ament_python.build:Building ROS package in '/home/ubuntu/ros2_ws/src/stepper_motor' with build type 'ament_python'
[12.423s] Level 1:colcon.colcon_core.shell:create_environment_hook('stepper_motor', 'ament_prefix_path')
[12.580s] INFO:colcon.colcon_core.plugin_system:Skipping extension 'colcon_core.shell.bat': Not used on non-Windows systems
[12.582s] INFO:colcon.colcon_core.shell:Creating environment hook '/home/ubuntu/ros2_ws/src/stepper_motor/install/stepper_motor/share/stepper_motor/hook/ament_prefix_path.ps1'
[12.588s] INFO:colcon.colcon_core.shell:Creating environment descriptor '/home/ubuntu/ros2_ws/src/stepper_motor/install/stepper_motor/share/stepper_motor/hook/ament_prefix_path.dsv'
[12.592s] INFO:colcon.colcon_core.shell:Creating environment hook '/home/ubuntu/ros2_ws/src/stepper_motor/install/stepper_motor/share/stepper_motor/hook/ament_prefix_path.sh'
[12.738s] INFO:colcon.colcon_core.shell:Skip shell extension 'powershell' for command environment: Not usable outside of PowerShell
[12.739s] DEBUG:colcon.colcon_core.shell:Skip shell extension 'dsv' for command environment
[15.680s] INFO:colcon.colcon_core.task.python.build:Building Python package in '/home/ubuntu/ros2_ws/src/stepper_motor'
[15.821s] INFO:colcon.colcon_core.shell:Skip shell extension 'powershell' for command environment: Not usable outside of PowerShell
[15.821s] DEBUG:colcon.colcon_core.shell:Skip shell extension 'dsv' for command environment
[19.686s] DEBUG:colcon.colcon_core.event_handler.log_command:Invoking command in '/home/ubuntu/ros2_ws/src/stepper_motor': PYTHONPATH=/home/ubuntu/ros2_ws/src/stepper_motor/build/stepper_motor/prefix_override:/home/ubuntu/ros2_ws/src/stepper_motor/install/stepper_motor/lib/python3.10/site-packages:${PYTHONPATH} /usr/bin/python3 setup.py egg_info --egg-base build/stepper_motor build --build-base /home/ubuntu/ros2_ws/src/stepper_motor/build/stepper_motor/build install --record /home/ubuntu/ros2_ws/src/stepper_motor/build/stepper_motor/install.log --single-version-externally-managed
[22.534s] DEBUG:colcon.colcon_core.event_handler.log_command:Invoked command in '/home/ubuntu/ros2_ws/src/stepper_motor' returned '0': PYTHONPATH=/home/ubuntu/ros2_ws/src/stepper_motor/build/stepper_motor/prefix_override:/home/ubuntu/ros2_ws/src/stepper_motor/install/stepper_motor/lib/python3.10/site-packages:${PYTHONPATH} /usr/bin/python3 setup.py egg_info --egg-base build/stepper_motor build --build-base /home/ubuntu/ros2_ws/src/stepper_motor/build/stepper_motor/build install --record /home/ubuntu/ros2_ws/src/stepper_motor/build/stepper_motor/install.log --single-version-externally-managed
[22.698s] Level 1:colcon.colcon_core.environment:checking '/home/ubuntu/ros2_ws/src/stepper_motor/install/stepper_motor' for CMake module files
[22.703s] Level 1:colcon.colcon_core.environment:checking '/home/ubuntu/ros2_ws/src/stepper_motor/install/stepper_motor' for CMake config files
[22.710s] Level 1:colcon.colcon_core.environment:checking '/home/ubuntu/ros2_ws/src/stepper_motor/install/stepper_motor/lib'
[22.712s] Level 1:colcon.colcon_core.environment:checking '/home/ubuntu/ros2_ws/src/stepper_motor/install/stepper_motor/bin'
[22.713s] Level 1:colcon.colcon_core.environment:checking '/home/ubuntu/ros2_ws/src/stepper_motor/install/stepper_motor/lib/pkgconfig/stepper_motor.pc'
[22.715s] Level 1:colcon.colcon_core.environment:checking '/home/ubuntu/ros2_ws/src/stepper_motor/install/stepper_motor/lib/python3.10/site-packages'
[22.716s] Level 1:colcon.colcon_core.shell:create_environment_hook('stepper_motor', 'pythonpath')
[22.857s] INFO:colcon.colcon_core.shell:Creating environment hook '/home/ubuntu/ros2_ws/src/stepper_motor/install/stepper_motor/share/stepper_motor/hook/pythonpath.ps1'
[22.861s] INFO:colcon.colcon_core.shell:Creating environment descriptor '/home/ubuntu/ros2_ws/src/stepper_motor/install/stepper_motor/share/stepper_motor/hook/pythonpath.dsv'
[22.864s] INFO:colcon.colcon_core.shell:Creating environment hook '/home/ubuntu/ros2_ws/src/stepper_motor/install/stepper_motor/share/stepper_motor/hook/pythonpath.sh'
[22.869s] Level 1:colcon.colcon_core.environment:checking '/home/ubuntu/ros2_ws/src/stepper_motor/install/stepper_motor/bin'
[22.870s] Level 1:colcon.colcon_core.environment:create_environment_scripts_only(stepper_motor)
[23.009s] INFO:colcon.colcon_core.shell:Creating package script '/home/ubuntu/ros2_ws/src/stepper_motor/install/stepper_motor/share/stepper_motor/package.ps1'
[23.017s] INFO:colcon.colcon_core.shell:Creating package descriptor '/home/ubuntu/ros2_ws/src/stepper_motor/install/stepper_motor/share/stepper_motor/package.dsv'
[23.022s] INFO:colcon.colcon_core.shell:Creating package script '/home/ubuntu/ros2_ws/src/stepper_motor/install/stepper_motor/share/stepper_motor/package.sh'
[23.029s] INFO:colcon.colcon_core.shell:Creating package script '/home/ubuntu/ros2_ws/src/stepper_motor/install/stepper_motor/share/stepper_motor/package.bash'
[23.036s] INFO:colcon.colcon_core.shell:Creating package script '/home/ubuntu/ros2_ws/src/stepper_motor/install/stepper_motor/share/stepper_motor/package.zsh'
[23.042s] Level 1:colcon.colcon_core.environment:create_file_with_runtime_dependencies(/home/ubuntu/ros2_ws/src/stepper_motor/install/stepper_motor/share/colcon-core/packages/stepper_motor)
[23.045s] DEBUG:colcon.colcon_parallel_executor.executor.parallel:closing loop
[23.048s] DEBUG:colcon.colcon_parallel_executor.executor.parallel:loop closed
[23.048s] DEBUG:colcon.colcon_parallel_executor.executor.parallel:run_until_complete finished with '0'
[23.049s] DEBUG:colcon.colcon_core.event_reactor:joining thread
[23.227s] INFO:colcon.colcon_core.plugin_system:Skipping extension 'colcon_notification.desktop_notification.notify_send': Could not find 'notify-send'
[23.228s] INFO:colcon.colcon_core.plugin_system:Skipping extension 'colcon_notification.desktop_notification.terminal_notifier': Not used on non-Darwin systems
[23.228s] INFO:colcon.colcon_core.plugin_system:Skipping extension 'colcon_notification.desktop_notification.win32': Not used on non-Windows systems
[23.229s] INFO:colcon.colcon_notification.desktop_notification:Sending desktop notification using 'notify2'
[23.235s] DEBUG:colcon.colcon_notification.desktop_notification.notify2:Failed to initialize notify2: org.freedesktop.DBus.Error.ServiceUnknown: The name org.freedesktop.Notifications was not provided by any .service files
[23.236s] DEBUG:colcon.colcon_core.event_reactor:joined thread
[23.379s] INFO:colcon.colcon_core.shell:Creating prefix script '/home/ubuntu/ros2_ws/src/stepper_motor/install/local_setup.ps1'
[23.387s] INFO:colcon.colcon_core.shell:Creating prefix util module '/home/ubuntu/ros2_ws/src/stepper_motor/install/_local_setup_util_ps1.py'
[23.400s] INFO:colcon.colcon_core.shell:Creating prefix chain script '/home/ubuntu/ros2_ws/src/stepper_motor/install/setup.ps1'
[23.544s] INFO:colcon.colcon_core.shell:Creating prefix script '/home/ubuntu/ros2_ws/src/stepper_motor/install/local_setup.sh'
[23.549s] INFO:colcon.colcon_core.shell:Creating prefix util module '/home/ubuntu/ros2_ws/src/stepper_motor/install/_local_setup_util_sh.py'
[23.553s] INFO:colcon.colcon_core.shell:Creating prefix chain script '/home/ubuntu/ros2_ws/src/stepper_motor/install/setup.sh'
[23.697s] INFO:colcon.colcon_core.shell:Creating prefix script '/home/ubuntu/ros2_ws/src/stepper_motor/install/local_setup.bash'
[23.701s] INFO:colcon.colcon_core.shell:Creating prefix chain script '/home/ubuntu/ros2_ws/src/stepper_motor/install/setup.bash'
[23.844s] INFO:colcon.colcon_core.shell:Creating prefix script '/home/ubuntu/ros2_ws/src/stepper_motor/install/local_setup.zsh'
[23.849s] INFO:colcon.colcon_core.shell:Creating prefix chain script '/home/ubuntu/ros2_ws/src/stepper_motor/install/setup.zsh'
