running egg_info
writing build/stepper_motor/stepper_motor.egg-info/PKG-INFO
writing dependency_links to build/stepper_motor/stepper_motor.egg-info/dependency_links.txt
writing entry points to build/stepper_motor/stepper_motor.egg-info/entry_points.txt
writing requirements to build/stepper_motor/stepper_motor.egg-info/requires.txt
writing top-level names to build/stepper_motor/stepper_motor.egg-info/top_level.txt
reading manifest file 'build/stepper_motor/stepper_motor.egg-info/SOURCES.txt'
writing manifest file 'build/stepper_motor/stepper_motor.egg-info/SOURCES.txt'
running build
running build_py
copying stepper_motor/stepper_motor.py -> /home/ubuntu/ros2_ws/src/stepper_motor/build/stepper_motor/build/lib/stepper_motor
copying stepper_motor/controller_node.py -> /home/ubuntu/ros2_ws/src/stepper_motor/build/stepper_motor/build/lib/stepper_motor
copying stepper_motor/input_node.py -> /home/ubuntu/ros2_ws/src/stepper_motor/build/stepper_motor/build/lib/stepper_motor
running install
/usr/lib/python3/dist-packages/setuptools/command/install.py:34: SetuptoolsDeprecationWarning: setup.py install is deprecated. Use build and pip and other standards-based tools.
  warnings.warn(
running install_lib
copying /home/ubuntu/ros2_ws/src/stepper_motor/build/stepper_motor/build/lib/stepper_motor/stepper_motor.py -> /home/ubuntu/ros2_ws/src/stepper_motor/install/stepper_motor/lib/python3.10/site-packages/stepper_motor
copying /home/ubuntu/ros2_ws/src/stepper_motor/build/stepper_motor/build/lib/stepper_motor/controller_node.py -> /home/ubuntu/ros2_ws/src/stepper_motor/install/stepper_motor/lib/python3.10/site-packages/stepper_motor
copying /home/ubuntu/ros2_ws/src/stepper_motor/build/stepper_motor/build/lib/stepper_motor/input_node.py -> /home/ubuntu/ros2_ws/src/stepper_motor/install/stepper_motor/lib/python3.10/site-packages/stepper_motor
byte-compiling /home/ubuntu/ros2_ws/src/stepper_motor/install/stepper_motor/lib/python3.10/site-packages/stepper_motor/stepper_motor.py to stepper_motor.cpython-310.pyc
byte-compiling /home/ubuntu/ros2_ws/src/stepper_motor/install/stepper_motor/lib/python3.10/site-packages/stepper_motor/controller_node.py to controller_node.cpython-310.pyc
byte-compiling /home/ubuntu/ros2_ws/src/stepper_motor/install/stepper_motor/lib/python3.10/site-packages/stepper_motor/input_node.py to input_node.cpython-310.pyc
running install_data
running install_egg_info
removing '/home/ubuntu/ros2_ws/src/stepper_motor/install/stepper_motor/lib/python3.10/site-packages/stepper_motor-0.0.0-py3.10.egg-info' (and everything under it)
Copying build/stepper_motor/stepper_motor.egg-info to /home/ubuntu/ros2_ws/src/stepper_motor/install/stepper_motor/lib/python3.10/site-packages/stepper_motor-0.0.0-py3.10.egg-info
running install_scripts
Installing controller_node script to /home/ubuntu/ros2_ws/src/stepper_motor/install/stepper_motor/lib/stepper_motor
Installing input_node script to /home/ubuntu/ros2_ws/src/stepper_motor/install/stepper_motor/lib/stepper_motor
writing list of installed files to '/home/ubuntu/ros2_ws/src/stepper_motor/build/stepper_motor/install.log'
